# JRE version: Java(TM) SE Runtime Environment (8.0_65-b17) (build 1.8.0_65-b17)
# Java VM: Java HotSpot(TM) 64-Bit Server VM (25.65-b01 mixed mode windows-amd64 compressed oops)
Heap:
 PSYoungGen      total 238080K, used 117060K [0x00000000d5d00000, 0x00000000ea280000, 0x0000000100000000)
  eden space 223744K, 45% used [0x00000000d5d00000,0x00000000dc155950,0x00000000e3780000)
  from space 14336K, 99% used [0x00000000e3780000,0x00000000e457b8d0,0x00000000e4580000)
  to   space 17920K, 0% used [0x00000000e9100000,0x00000000e9100000,0x00000000ea280000)
 ParOldGen       total 80896K, used 26087K [0x0000000081600000, 0x0000000086500000, 0x00000000d5d00000)
  object space 80896K, 32% used [0x0000000081600000,0x0000000082f79c68,0x0000000086500000)
 Metaspace       used 52214K, capacity 52776K, committed 53072K, reserved 1095680K
  class space    used 6656K, capacity 6775K, committed 6784K, reserved 1048576K
GC Heap History (10 events):
Event: 8.277 GC heap before
{Heap before GC invocations=7 (full 1):
 PSYoungGen      total 71680K, used 66560K [0x00000000d5d00000, 0x00000000def00000, 0x0000000100000000)
  eden space 66560K, 100% used [0x00000000d5d00000,0x00000000d9e00000,0x00000000d9e00000)
  from space 5120K, 0% used [0x00000000d9e00000,0x00000000d9e00000,0x00000000da300000)
  to   space 8192K, 0% used [0x00000000de700000,0x00000000de700000,0x00000000def00000)
 ParOldGen       total 47616K, used 6671K [0x0000000081600000, 0x0000000084480000, 0x00000000d5d00000)
  object space 47616K, 14% used [0x0000000081600000,0x0000000081c83eb8,0x0000000084480000)
 Metaspace       used 24816K, capacity 25074K, committed 25212K, reserved 1071104K
  class space    used 3048K, capacity 3156K, committed 3200K, reserved 1048576K
Event: 8.295 GC heap after
Heap after GC invocations=7 (full 1):
 PSYoungGen      total 129024K, used 5524K [0x00000000d5d00000, 0x00000000dec80000, 0x0000000100000000)
  eden space 123392K, 0% used [0x00000000d5d00000,0x00000000d5d00000,0x00000000dd580000)
  from space 5632K, 98% used [0x00000000de700000,0x00000000dec65160,0x00000000dec80000)
  to   space 8192K, 0% used [0x00000000ddc80000,0x00000000ddc80000,0x00000000de480000)
 ParOldGen       total 47616K, used 6679K [0x0000000081600000, 0x0000000084480000, 0x00000000d5d00000)
  object space 47616K, 14% used [0x0000000081600000,0x0000000081c85eb8,0x0000000084480000)
 Metaspace       used 24816K, capacity 25074K, committed 25212K, reserved 1071104K
  class space    used 3048K, capacity 3156K, committed 3200K, reserved 1048576K
}
Event: 10.460 GC heap before
{Heap before GC invocations=8 (full 1):
 PSYoungGen      total 129024K, used 128916K [0x00000000d5d00000, 0x00000000dec80000, 0x0000000100000000)
  eden space 123392K, 100% used [0x00000000d5d00000,0x00000000dd580000,0x00000000dd580000)
  from space 5632K, 98% used [0x00000000de700000,0x00000000dec65160,0x00000000dec80000)
  to   space 8192K, 0% used [0x00000000ddc80000,0x00000000ddc80000,0x00000000de480000)
 ParOldGen       total 47616K, used 6679K [0x0000000081600000, 0x0000000084480000, 0x00000000d5d00000)
  object space 47616K, 14% used [0x0000000081600000,0x0000000081c85eb8,0x0000000084480000)
 Metaspace       used 29862K, capacity 30240K, committed 30460K, reserved 1075200K
  class space    used 3678K, capacity 3777K, committed 3840K, reserved 1048576K
Event: 10.488 GC heap after
Heap after GC invocations=8 (full 1):
 PSYoungGen      total 138752K, used 8177K [0x00000000d5d00000, 0x00000000e5100000, 0x0000000100000000)
  eden space 130560K, 0% used [0x00000000d5d00000,0x00000000d5d00000,0x00000000ddc80000)
  from space 8192K, 99% used [0x00000000ddc80000,0x00000000de47c440,0x00000000de480000)
  to   space 11776K, 0% used [0x00000000e4580000,0x00000000e4580000,0x00000000e5100000)
 ParOldGen       total 47616K, used 12068K [0x0000000081600000, 0x0000000084480000, 0x00000000d5d00000)
  object space 47616K, 25% used [0x0000000081600000,0x00000000821c93c8,0x0000000084480000)
 Metaspace       used 29862K, capacity 30240K, committed 30460K, reserved 1075200K
  class space    used 3678K, capacity 3777K, committed 3840K, reserved 1048576K
}
Event: 11.376 GC heap before
{Heap before GC invocations=9 (full 1):
 PSYoungGen      total 138752K, used 86740K [0x00000000d5d00000, 0x00000000e5100000, 0x0000000100000000)
  eden space 130560K, 60% used [0x00000000d5d00000,0x00000000da9b8cd0,0x00000000ddc80000)
  from space 8192K, 99% used [0x00000000ddc80000,0x00000000de47c440,0x00000000de480000)
  to   space 11776K, 0% used [0x00000000e4580000,0x00000000e4580000,0x00000000e5100000)
 ParOldGen       total 47616K, used 12068K [0x0000000081600000, 0x0000000084480000, 0x00000000d5d00000)
  object space 47616K, 25% used [0x0000000081600000,0x00000000821c93c8,0x0000000084480000)
 Metaspace       used 35541K, capacity 35868K, committed 36048K, reserved 1081344K
  class space    used 4436K, capacity 4555K, committed 4608K, reserved 1048576K
Event: 11.392 GC heap after
Heap after GC invocations=9 (full 1):
 PSYoungGen      total 235520K, used 11773K [0x00000000d5d00000, 0x00000000e6180000, 0x0000000100000000)
  eden space 223744K, 0% used [0x00000000d5d00000,0x00000000d5d00000,0x00000000e3780000)
  from space 11776K, 99% used [0x00000000e4580000,0x00000000e50ff6a0,0x00000000e5100000)
  to   space 14336K, 0% used [0x00000000e3780000,0x00000000e3780000,0x00000000e4580000)
 ParOldGen       total 47616K, used 14598K [0x0000000081600000, 0x0000000084480000, 0x00000000d5d00000)
  object space 47616K, 30% used [0x0000000081600000,0x0000000082441910,0x0000000084480000)
 Metaspace       used 35541K, capacity 35868K, committed 36048K, reserved 1081344K
  class space    used 4436K, capacity 4555K, committed 4608K, reserved 1048576K
}
Event: 11.392 GC heap before
{Heap before GC invocations=10 (full 2):
 PSYoungGen      total 235520K, used 11773K [0x00000000d5d00000, 0x00000000e6180000, 0x0000000100000000)
  eden space 223744K, 0% used [0x00000000d5d00000,0x00000000d5d00000,0x00000000e3780000)
  from space 11776K, 99% used [0x00000000e4580000,0x00000000e50ff6a0,0x00000000e5100000)
  to   space 14336K, 0% used [0x00000000e3780000,0x00000000e3780000,0x00000000e4580000)
 ParOldGen       total 47616K, used 14598K [0x0000000081600000, 0x0000000084480000, 0x00000000d5d00000)
  object space 47616K, 30% used [0x0000000081600000,0x0000000082441910,0x0000000084480000)
 Metaspace       used 35541K, capacity 35868K, committed 36048K, reserved 1081344K
  class space    used 4436K, capacity 4555K, committed 4608K, reserved 1048576K
Event: 11.500 GC heap after
Heap after GC invocations=10 (full 2):
 PSYoungGen      total 235520K, used 0K [0x00000000d5d00000, 0x00000000e6180000, 0x0000000100000000)
  eden space 223744K, 0% used [0x00000000d5d00000,0x00000000d5d00000,0x00000000e3780000)
  from space 11776K, 0% used [0x00000000e4580000,0x00000000e4580000,0x00000000e5100000)
  to   space 14336K, 0% used [0x00000000e3780000,0x00000000e3780000,0x00000000e4580000)
 ParOldGen       total 80896K, used 22073K [0x0000000081600000, 0x0000000086500000, 0x00000000d5d00000)
  object space 80896K, 27% used [0x0000000081600000,0x0000000082b8e460,0x0000000086500000)
 Metaspace       used 35541K, capacity 35868K, committed 36048K, reserved 1081344K
  class space    used 4436K, capacity 4555K, committed 4608K, reserved 1048576K
}
Event: 14.022 GC heap before
{Heap before GC invocations=11 (full 2):
 PSYoungGen      total 235520K, used 223744K [0x00000000d5d00000, 0x00000000e6180000, 0x0000000100000000)
  eden space 223744K, 100% used [0x00000000d5d00000,0x00000000e3780000,0x00000000e3780000)
  from space 11776K, 0% used [0x00000000e4580000,0x00000000e4580000,0x00000000e5100000)
  to   space 14336K, 0% used [0x00000000e3780000,0x00000000e3780000,0x00000000e4580000)
 ParOldGen       total 80896K, used 22073K [0x0000000081600000, 0x0000000086500000, 0x00000000d5d00000)
  object space 80896K, 27% used [0x0000000081600000,0x0000000082b8e460,0x0000000086500000)
 Metaspace       used 47662K, capacity 48112K, committed 48464K, reserved 1091584K
  class space    used 6105K, capacity 6217K, committed 6272K, reserved 1048576K
Event: 14.041 GC heap after
Heap after GC invocations=11 (full 2):
 PSYoungGen      total 238080K, used 14318K [0x00000000d5d00000, 0x00000000ea280000, 0x0000000100000000)
  eden space 223744K, 0% used [0x00000000d5d00000,0x00000000d5d00000,0x00000000e3780000)
  from space 14336K, 99% used [0x00000000e3780000,0x00000000e457b8d0,0x00000000e4580000)
  to   space 17920K, 0% used [0x00000000e9100000,0x00000000e9100000,0x00000000ea280000)
 ParOldGen       total 80896K, used 26087K [0x0000000081600000, 0x0000000086500000, 0x00000000d5d00000)
  object space 80896K, 32% used [0x0000000081600000,0x0000000082f79c68,0x0000000086500000)
 Metaspace       used 47662K, capacity 48112K, committed 48464K, reserved 1091584K
  class space    used 6105K, capacity 6217K, committed 6272K, reserved 1048576K
}

